[0.094s] DEBUG:colcon:Command line arguments: ['/usr/bin/colcon', 'build']
[0.095s] DEBUG:colcon:Parsed command line arguments: Namespace(log_base=None, log_level=None, verb_name='build', build_base='build', install_base='install', merge_install=False, symlink_install=False, test_result_base=None, continue_on_error=False, executor='parallel', parallel_workers=8, event_handlers=None, ignore_user_meta=False, metas=['./colcon.meta'], base_paths=['.'], packages_ignore=None, packages_ignore_regex=None, paths=None, packages_up_to=None, packages_up_to_regex=None, packages_above=None, packages_above_and_dependencies=None, packages_above_depth=None, packages_select_by_dep=None, packages_skip_by_dep=None, packages_skip_up_to=None, packages_select_build_failed=False, packages_skip_build_finished=False, packages_select_test_failures=False, packages_skip_test_passed=False, packages_select=None, packages_skip=None, packages_select_regex=None, packages_skip_regex=None, packages_start=None, packages_end=None, allow_overriding=[], cmake_args=None, cmake_target=None, cmake_target_skip_unavailable=False, cmake_clean_cache=False, cmake_clean_first=False, cmake_force_configure=False, ament_cmake_args=None, catkin_cmake_args=None, catkin_skip_building_tests=False, mixin_files=None, mixin=None, verb_parser=<colcon_mixin.mixin.mixin_argument.MixinArgumentDecorator object at 0x777c87623c40>, verb_extension=<colcon_core.verb.build.BuildVerb object at 0x777c875d94e0>, main=<bound method BuildVerb.main of <colcon_core.verb.build.BuildVerb object at 0x777c875d94e0>>, mixin_verb=('build',))
[0.270s] Level 1:colcon.colcon_core.package_discovery:discover_packages(colcon_meta) check parameters
[0.270s] Level 1:colcon.colcon_core.package_discovery:discover_packages(recursive) check parameters
[0.270s] Level 1:colcon.colcon_core.package_discovery:discover_packages(ignore) check parameters
[0.270s] Level 1:colcon.colcon_core.package_discovery:discover_packages(path) check parameters
[0.270s] Level 1:colcon.colcon_core.package_discovery:discover_packages(colcon_meta) discover
[0.270s] Level 1:colcon.colcon_core.package_discovery:discover_packages(recursive) discover
[0.270s] INFO:colcon.colcon_core.package_discovery:Crawling recursively for packages in '/home/kermit/oscar_ws/src/path_planning'
[0.270s] Level 1:colcon.colcon_core.package_identification:_identify(.) by extensions ['ignore', 'ignore_ament_install']
[0.270s] Level 1:colcon.colcon_core.package_identification:_identify(.) by extension 'ignore'
[0.270s] Level 1:colcon.colcon_core.package_identification:_identify(.) by extension 'ignore_ament_install'
[0.270s] Level 1:colcon.colcon_core.package_identification:_identify(.) by extensions ['colcon_pkg']
[0.270s] Level 1:colcon.colcon_core.package_identification:_identify(.) by extension 'colcon_pkg'
[0.271s] Level 1:colcon.colcon_core.package_identification:_identify(.) by extensions ['colcon_meta']
[0.271s] Level 1:colcon.colcon_core.package_identification:_identify(.) by extension 'colcon_meta'
[0.271s] Level 1:colcon.colcon_core.package_identification:_identify(.) by extensions ['ros']
[0.271s] Level 1:colcon.colcon_core.package_identification:_identify(.) by extension 'ros'
[0.282s] DEBUG:colcon.colcon_core.package_identification:Package '.' with type 'ros.ament_python' and name 'path_planning'
[0.282s] Level 1:colcon.colcon_core.package_discovery:discover_packages(recursive) using defaults
[0.282s] Level 1:colcon.colcon_core.package_discovery:discover_packages(ignore) discover
[0.282s] Level 1:colcon.colcon_core.package_discovery:discover_packages(ignore) using defaults
[0.282s] Level 1:colcon.colcon_core.package_discovery:discover_packages(path) discover
[0.282s] Level 1:colcon.colcon_core.package_discovery:discover_packages(path) using defaults
[0.299s] Level 1:colcon.colcon_core.package_discovery:discover_packages(prefix_path) check parameters
[0.299s] Level 1:colcon.colcon_core.package_discovery:discover_packages(prefix_path) discover
[0.300s] DEBUG:colcon.colcon_installed_package_information.package_discovery:Found 2 installed packages in /home/kermit/oscar_ws/install
[0.301s] DEBUG:colcon.colcon_installed_package_information.package_discovery:Found 16 installed packages in /home/kermit/turtlebot3_ws/install
[0.301s] DEBUG:colcon.colcon_installed_package_information.package_discovery:Found 2 installed packages in /home/kermit/challenge/install
[0.302s] DEBUG:colcon.colcon_installed_package_information.package_discovery:Found 16 installed packages in /home/kermit/turtlebot3_ws/src/install
[0.303s] DEBUG:colcon.colcon_installed_package_information.package_discovery:Found 368 installed packages in /opt/ros/humble
[0.305s] Level 1:colcon.colcon_core.package_discovery:discover_packages(prefix_path) using defaults
[0.341s] Level 5:colcon.colcon_core.verb:set package 'path_planning' build argument 'cmake_args' from command line to 'None'
[0.341s] Level 5:colcon.colcon_core.verb:set package 'path_planning' build argument 'cmake_target' from command line to 'None'
[0.341s] Level 5:colcon.colcon_core.verb:set package 'path_planning' build argument 'cmake_target_skip_unavailable' from command line to 'False'
[0.341s] Level 5:colcon.colcon_core.verb:set package 'path_planning' build argument 'cmake_clean_cache' from command line to 'False'
[0.341s] Level 5:colcon.colcon_core.verb:set package 'path_planning' build argument 'cmake_clean_first' from command line to 'False'
[0.341s] Level 5:colcon.colcon_core.verb:set package 'path_planning' build argument 'cmake_force_configure' from command line to 'False'
[0.341s] Level 5:colcon.colcon_core.verb:set package 'path_planning' build argument 'ament_cmake_args' from command line to 'None'
[0.341s] Level 5:colcon.colcon_core.verb:set package 'path_planning' build argument 'catkin_cmake_args' from command line to 'None'
[0.341s] Level 5:colcon.colcon_core.verb:set package 'path_planning' build argument 'catkin_skip_building_tests' from command line to 'False'
[0.341s] DEBUG:colcon.colcon_core.verb:Building package 'path_planning' with the following arguments: {'ament_cmake_args': None, 'build_base': '/home/kermit/oscar_ws/src/path_planning/build/path_planning', 'catkin_cmake_args': None, 'catkin_skip_building_tests': False, 'cmake_args': None, 'cmake_clean_cache': False, 'cmake_clean_first': False, 'cmake_force_configure': False, 'cmake_target': None, 'cmake_target_skip_unavailable': False, 'install_base': '/home/kermit/oscar_ws/src/path_planning/install/path_planning', 'merge_install': False, 'path': '/home/kermit/oscar_ws/src/path_planning', 'symlink_install': False, 'test_result_base': None}
[0.341s] INFO:colcon.colcon_core.executor:Executing jobs using 'parallel' executor
[0.342s] DEBUG:colcon.colcon_parallel_executor.executor.parallel:run_until_complete
[0.342s] INFO:colcon.colcon_ros.task.ament_python.build:Building ROS package in '/home/kermit/oscar_ws/src/path_planning' with build type 'ament_python'
[0.342s] Level 1:colcon.colcon_core.shell:create_environment_hook('path_planning', 'ament_prefix_path')
[0.344s] INFO:colcon.colcon_core.plugin_system:Skipping extension 'colcon_core.shell.bat': Not used on non-Windows systems
[0.344s] INFO:colcon.colcon_core.shell:Creating environment hook '/home/kermit/oscar_ws/src/path_planning/install/path_planning/share/path_planning/hook/ament_prefix_path.ps1'
[0.345s] INFO:colcon.colcon_core.shell:Creating environment descriptor '/home/kermit/oscar_ws/src/path_planning/install/path_planning/share/path_planning/hook/ament_prefix_path.dsv'
[0.345s] INFO:colcon.colcon_core.shell:Creating environment hook '/home/kermit/oscar_ws/src/path_planning/install/path_planning/share/path_planning/hook/ament_prefix_path.sh'
[0.346s] INFO:colcon.colcon_core.shell:Skip shell extension 'powershell' for command environment: Not usable outside of PowerShell
[0.346s] DEBUG:colcon.colcon_core.shell:Skip shell extension 'dsv' for command environment
[0.652s] INFO:colcon.colcon_core.task.python.build:Building Python package in '/home/kermit/oscar_ws/src/path_planning'
[0.652s] INFO:colcon.colcon_core.shell:Skip shell extension 'powershell' for command environment: Not usable outside of PowerShell
[0.652s] DEBUG:colcon.colcon_core.shell:Skip shell extension 'dsv' for command environment
[1.021s] DEBUG:colcon.colcon_core.event_handler.log_command:Invoking command in '/home/kermit/oscar_ws/src/path_planning': PYTHONPATH=/home/kermit/oscar_ws/src/path_planning/build/path_planning/prefix_override:/usr/lib/python3/dist-packages/colcon_core/task/python/colcon_distutils_commands:/home/kermit/oscar_ws/src/path_planning/install/path_planning/lib/python3.10/site-packages:${PYTHONPATH} /usr/bin/python3 -W ignore:setup.py install is deprecated setup.py egg_info --egg-base build/path_planning build --build-base /home/kermit/oscar_ws/src/path_planning/build/path_planning/build install --record /home/kermit/oscar_ws/src/path_planning/build/path_planning/install.log --single-version-externally-managed install_data
[1.324s] DEBUG:colcon.colcon_core.event_handler.log_command:Invoked command in '/home/kermit/oscar_ws/src/path_planning' returned '0': PYTHONPATH=/home/kermit/oscar_ws/src/path_planning/build/path_planning/prefix_override:/usr/lib/python3/dist-packages/colcon_core/task/python/colcon_distutils_commands:/home/kermit/oscar_ws/src/path_planning/install/path_planning/lib/python3.10/site-packages:${PYTHONPATH} /usr/bin/python3 -W ignore:setup.py install is deprecated setup.py egg_info --egg-base build/path_planning build --build-base /home/kermit/oscar_ws/src/path_planning/build/path_planning/build install --record /home/kermit/oscar_ws/src/path_planning/build/path_planning/install.log --single-version-externally-managed install_data
[1.325s] Level 1:colcon.colcon_core.environment:checking '/home/kermit/oscar_ws/src/path_planning/install/path_planning' for CMake module files
[1.326s] Level 1:colcon.colcon_core.environment:checking '/home/kermit/oscar_ws/src/path_planning/install/path_planning' for CMake config files
[1.326s] Level 1:colcon.colcon_core.environment:checking '/home/kermit/oscar_ws/src/path_planning/install/path_planning/lib'
[1.326s] Level 1:colcon.colcon_core.environment:checking '/home/kermit/oscar_ws/src/path_planning/install/path_planning/bin'
[1.326s] Level 1:colcon.colcon_core.environment:checking '/home/kermit/oscar_ws/src/path_planning/install/path_planning/lib/pkgconfig/path_planning.pc'
[1.326s] Level 1:colcon.colcon_core.environment:checking '/home/kermit/oscar_ws/src/path_planning/install/path_planning/lib/python3.10/site-packages'
[1.326s] Level 1:colcon.colcon_core.shell:create_environment_hook('path_planning', 'pythonpath')
[1.327s] INFO:colcon.colcon_core.shell:Creating environment hook '/home/kermit/oscar_ws/src/path_planning/install/path_planning/share/path_planning/hook/pythonpath.ps1'
[1.327s] INFO:colcon.colcon_core.shell:Creating environment descriptor '/home/kermit/oscar_ws/src/path_planning/install/path_planning/share/path_planning/hook/pythonpath.dsv'
[1.327s] INFO:colcon.colcon_core.shell:Creating environment hook '/home/kermit/oscar_ws/src/path_planning/install/path_planning/share/path_planning/hook/pythonpath.sh'
[1.328s] Level 1:colcon.colcon_core.environment:checking '/home/kermit/oscar_ws/src/path_planning/install/path_planning/bin'
[1.328s] Level 1:colcon.colcon_core.environment:create_environment_scripts_only(path_planning)
[1.328s] INFO:colcon.colcon_core.shell:Creating package script '/home/kermit/oscar_ws/src/path_planning/install/path_planning/share/path_planning/package.ps1'
[1.328s] INFO:colcon.colcon_core.shell:Creating package descriptor '/home/kermit/oscar_ws/src/path_planning/install/path_planning/share/path_planning/package.dsv'
[1.329s] INFO:colcon.colcon_core.shell:Creating package script '/home/kermit/oscar_ws/src/path_planning/install/path_planning/share/path_planning/package.sh'
[1.329s] INFO:colcon.colcon_core.shell:Creating package script '/home/kermit/oscar_ws/src/path_planning/install/path_planning/share/path_planning/package.bash'
[1.330s] INFO:colcon.colcon_core.shell:Creating package script '/home/kermit/oscar_ws/src/path_planning/install/path_planning/share/path_planning/package.zsh'
[1.330s] Level 1:colcon.colcon_core.environment:create_file_with_runtime_dependencies(/home/kermit/oscar_ws/src/path_planning/install/path_planning/share/colcon-core/packages/path_planning)
[1.331s] DEBUG:colcon.colcon_parallel_executor.executor.parallel:closing loop
[1.331s] DEBUG:colcon.colcon_parallel_executor.executor.parallel:loop closed
[1.331s] DEBUG:colcon.colcon_parallel_executor.executor.parallel:run_until_complete finished with '0'
[1.331s] DEBUG:colcon.colcon_core.event_reactor:joining thread
[1.335s] INFO:colcon.colcon_core.plugin_system:Skipping extension 'colcon_notification.desktop_notification.terminal_notifier': Not used on non-Darwin systems
[1.335s] INFO:colcon.colcon_core.plugin_system:Skipping extension 'colcon_notification.desktop_notification.win32': Not used on non-Windows systems
[1.335s] INFO:colcon.colcon_notification.desktop_notification:Sending desktop notification using 'notify2'
[1.346s] DEBUG:colcon.colcon_core.event_reactor:joined thread
[1.347s] INFO:colcon.colcon_core.shell:Creating prefix script '/home/kermit/oscar_ws/src/path_planning/install/local_setup.ps1'
[1.347s] INFO:colcon.colcon_core.shell:Creating prefix util module '/home/kermit/oscar_ws/src/path_planning/install/_local_setup_util_ps1.py'
[1.348s] INFO:colcon.colcon_core.shell:Creating prefix chain script '/home/kermit/oscar_ws/src/path_planning/install/setup.ps1'
[1.350s] INFO:colcon.colcon_core.shell:Creating prefix script '/home/kermit/oscar_ws/src/path_planning/install/local_setup.sh'
[1.350s] INFO:colcon.colcon_core.shell:Creating prefix util module '/home/kermit/oscar_ws/src/path_planning/install/_local_setup_util_sh.py'
[1.351s] INFO:colcon.colcon_core.shell:Creating prefix chain script '/home/kermit/oscar_ws/src/path_planning/install/setup.sh'
[1.353s] INFO:colcon.colcon_core.shell:Creating prefix script '/home/kermit/oscar_ws/src/path_planning/install/local_setup.bash'
[1.353s] INFO:colcon.colcon_core.shell:Creating prefix chain script '/home/kermit/oscar_ws/src/path_planning/install/setup.bash'
[1.354s] INFO:colcon.colcon_core.shell:Creating prefix script '/home/kermit/oscar_ws/src/path_planning/install/local_setup.zsh'
[1.355s] INFO:colcon.colcon_core.shell:Creating prefix chain script '/home/kermit/oscar_ws/src/path_planning/install/setup.zsh'
